# JRE version: Java(TM) SE Runtime Environment (17.0.12+8) (build 17.0.12+8-LTS-286)
# Java VM: Java HotSpot(TM) 64-Bit Server VM (17.0.12+8-LTS-286, mixed mode, sharing, tiered, compressed oops, compressed class ptrs, g1 gc, windows-amd64)
GC Precious Log:
 CPUs: 12 total, 12 available
 Memory: 7914M
 Large Page Support: Disabled
 NUMA Support: Disabled
 Compressed Oops: Enabled (32-bit)
 Heap Region Size: 1M
 Heap Min Capacity: 8M
 Heap Initial Capacity: 124M
 Heap Max Capacity: 2G
 Pre-touch: Disabled
 Parallel Workers: 10
 Concurrent Workers: 3
 Concurrent Refinement Workers: 10
 Periodic GC: Disabled
Heap:
 garbage-first heap   total 295936K, used 175708K [0x0000000080000000, 0x0000000100000000)
  region size 1024K, 4 young (4096K), 4 survivors (4096K)
 Metaspace       used 105970K, committed 107456K, reserved 557056K
  class space    used 14928K, committed 15616K, reserved 425984K
GC Heap History (20 events):
Event: 1105.578 GC heap after
{Heap after GC invocations=48 (full 0):
 garbage-first heap   total 247808K, used 128127K [0x0000000080000000, 0x0000000100000000)
  region size 1024K, 10 young (10240K), 10 survivors (10240K)
 Metaspace       used 98169K, committed 99392K, reserved 557056K
  class space    used 13790K, committed 14400K, reserved 425984K
}
Event: 1107.444 GC heap before
{Heap before GC invocations=48 (full 0):
 garbage-first heap   total 247808K, used 202879K [0x0000000080000000, 0x0000000100000000)
  region size 1024K, 83 young (84992K), 10 survivors (10240K)
 Metaspace       used 99686K, committed 100928K, reserved 557056K
  class space    used 14060K, committed 14656K, reserved 425984K
}
Event: 1107.477 GC heap after
{Heap after GC invocations=49 (full 0):
 garbage-first heap   total 247808K, used 135881K [0x0000000080000000, 0x0000000100000000)
  region size 1024K, 8 young (8192K), 8 survivors (8192K)
 Metaspace       used 99686K, committed 100928K, reserved 557056K
  class space    used 14060K, committed 14656K, reserved 425984K
}
Event: 1108.728 GC heap before
{Heap before GC invocations=49 (full 0):
 garbage-first heap   total 247808K, used 204489K [0x0000000080000000, 0x0000000100000000)
  region size 1024K, 75 young (76800K), 8 survivors (8192K)
 Metaspace       used 100053K, committed 101312K, reserved 557056K
  class space    used 14102K, committed 14720K, reserved 425984K
}
Event: 1108.748 GC heap after
{Heap after GC invocations=50 (full 0):
 garbage-first heap   total 247808K, used 144832K [0x0000000080000000, 0x0000000100000000)
  region size 1024K, 9 young (9216K), 9 survivors (9216K)
 Metaspace       used 100053K, committed 101312K, reserved 557056K
  class space    used 14102K, committed 14720K, reserved 425984K
}
Event: 1110.147 GC heap before
{Heap before GC invocations=51 (full 0):
 garbage-first heap   total 256000K, used 204224K [0x0000000080000000, 0x0000000100000000)
  region size 1024K, 67 young (68608K), 9 survivors (9216K)
 Metaspace       used 100444K, committed 101760K, reserved 557056K
  class space    used 14145K, committed 14784K, reserved 425984K
}
Event: 1110.168 GC heap after
{Heap after GC invocations=52 (full 0):
 garbage-first heap   total 256000K, used 153648K [0x0000000080000000, 0x0000000100000000)
  region size 1024K, 9 young (9216K), 9 survivors (9216K)
 Metaspace       used 100444K, committed 101760K, reserved 557056K
  class space    used 14145K, committed 14784K, reserved 425984K
}
Event: 1110.188 GC heap before
{Heap before GC invocations=52 (full 0):
 garbage-first heap   total 256000K, used 156720K [0x0000000080000000, 0x0000000100000000)
  region size 1024K, 12 young (12288K), 9 survivors (9216K)
 Metaspace       used 100453K, committed 101824K, reserved 557056K
  class space    used 14146K, committed 14784K, reserved 425984K
}
Event: 1110.278 GC heap after
{Heap after GC invocations=53 (full 0):
 garbage-first heap   total 256000K, used 154171K [0x0000000080000000, 0x0000000100000000)
  region size 1024K, 2 young (2048K), 2 survivors (2048K)
 Metaspace       used 100453K, committed 101824K, reserved 557056K
  class space    used 14146K, committed 14784K, reserved 425984K
}
Event: 1111.125 GC heap before
{Heap before GC invocations=53 (full 0):
 garbage-first heap   total 256000K, used 210491K [0x0000000080000000, 0x0000000100000000)
  region size 1024K, 57 young (58368K), 2 survivors (2048K)
 Metaspace       used 100882K, committed 102272K, reserved 557056K
  class space    used 14199K, committed 14848K, reserved 425984K
}
Event: 1111.144 GC heap after
{Heap after GC invocations=54 (full 0):
 garbage-first heap   total 256000K, used 165467K [0x0000000080000000, 0x0000000100000000)
  region size 1024K, 8 young (8192K), 8 survivors (8192K)
 Metaspace       used 100882K, committed 102272K, reserved 557056K
  class space    used 14199K, committed 14848K, reserved 425984K
}
Event: 1111.745 GC heap before
{Heap before GC invocations=54 (full 0):
 garbage-first heap   total 256000K, used 210523K [0x0000000080000000, 0x0000000100000000)
  region size 1024K, 52 young (53248K), 8 survivors (8192K)
 Metaspace       used 102312K, committed 103680K, reserved 557056K
  class space    used 14363K, committed 15040K, reserved 425984K
}
Event: 1111.758 GC heap after
{Heap after GC invocations=55 (full 0):
 garbage-first heap   total 256000K, used 170764K [0x0000000080000000, 0x0000000100000000)
  region size 1024K, 5 young (5120K), 5 survivors (5120K)
 Metaspace       used 102312K, committed 103680K, reserved 557056K
  class space    used 14363K, committed 15040K, reserved 425984K
}
Event: 1112.256 GC heap before
{Heap before GC invocations=55 (full 0):
 garbage-first heap   total 256000K, used 212748K [0x0000000080000000, 0x0000000100000000)
  region size 1024K, 46 young (47104K), 5 survivors (5120K)
 Metaspace       used 102355K, committed 103744K, reserved 557056K
  class space    used 14369K, committed 15040K, reserved 425984K
}
Event: 1112.339 GC heap after
{Heap after GC invocations=56 (full 0):
 garbage-first heap   total 256000K, used 172532K [0x0000000080000000, 0x0000000100000000)
  region size 1024K, 3 young (3072K), 3 survivors (3072K)
 Metaspace       used 102355K, committed 103744K, reserved 557056K
  class space    used 14369K, committed 15040K, reserved 425984K
}
Event: 1114.314 GC heap before
{Heap before GC invocations=57 (full 0):
 garbage-first heap   total 295936K, used 214516K [0x0000000080000000, 0x0000000100000000)
  region size 1024K, 44 young (45056K), 3 survivors (3072K)
 Metaspace       used 103087K, committed 104576K, reserved 557056K
  class space    used 14487K, committed 15168K, reserved 425984K
}
Event: 1114.323 GC heap after
{Heap after GC invocations=58 (full 0):
 garbage-first heap   total 295936K, used 176010K [0x0000000080000000, 0x0000000100000000)
  region size 1024K, 6 young (6144K), 6 survivors (6144K)
 Metaspace       used 103087K, committed 104576K, reserved 557056K
  class space    used 14487K, committed 15168K, reserved 425984K
}
Event: 1114.443 GC heap before
{Heap before GC invocations=58 (full 0):
 garbage-first heap   total 295936K, used 184202K [0x0000000080000000, 0x0000000100000000)
  region size 1024K, 14 young (14336K), 6 survivors (6144K)
 Metaspace       used 103445K, committed 104896K, reserved 557056K
  class space    used 14556K, committed 15232K, reserved 425984K
}
Event: 1114.451 GC heap after
{Heap after GC invocations=59 (full 0):
 garbage-first heap   total 295936K, used 173020K [0x0000000080000000, 0x0000000100000000)
  region size 1024K, 1 young (1024K), 1 survivors (1024K)
 Metaspace       used 103445K, committed 104896K, reserved 557056K
  class space    used 14556K, committed 15232K, reserved 425984K
}
Event: 1115.582 GC heap before
{Heap before GC invocations=59 (full 0):
 garbage-first heap   total 295936K, used 240604K [0x0000000080000000, 0x0000000100000000)
  region size 1024K, 67 young (68608K), 1 survivors (1024K)
 Metaspace       used 105970K, committed 107456K, reserved 557056K
  class space    used 14928K, committed 15616K, reserved 425984K
}

