# JRE version: Java(TM) SE Runtime Environment (17.0.12+8) (build 17.0.12+8-LTS-286)
# Java VM: Java HotSpot(TM) 64-Bit Server VM (17.0.12+8-LTS-286, mixed mode, sharing, tiered, compressed oops, compressed class ptrs, g1 gc, windows-amd64)
GC Precious Log:
 CPUs: 12 total, 12 available
 Memory: 7914M
 Large Page Support: Disabled
 NUMA Support: Disabled
 Compressed Oops: Enabled (32-bit)
 Heap Region Size: 1M
 Heap Min Capacity: 8M
 Heap Initial Capacity: 124M
 Heap Max Capacity: 2G
 Pre-touch: Disabled
 Parallel Workers: 10
 Concurrent Workers: 3
 Concurrent Refinement Workers: 10
 Periodic GC: Disabled
Heap:
 garbage-first heap   total 182272K, used 86694K [0x0000000080000000, 0x0000000100000000)
  region size 1024K, 18 young (18432K), 7 survivors (7168K)
 Metaspace       used 69481K, committed 70208K, reserved 491520K
  class space    used 9997K, committed 10368K, reserved 425984K
GC Heap History (20 events):
Event: 18.537 GC heap before
{Heap before GC invocations=13 (full 0):
 garbage-first heap   total 103424K, used 83676K [0x0000000080000000, 0x0000000100000000)
  region size 1024K, 48 young (49152K), 6 survivors (6144K)
 Metaspace       used 48242K, committed 48832K, reserved 491520K
  class space    used 6754K, committed 7040K, reserved 425984K
}
Event: 18.542 GC heap after
{Heap after GC invocations=14 (full 0):
 garbage-first heap   total 103424K, used 40363K [0x0000000080000000, 0x0000000100000000)
  region size 1024K, 5 young (5120K), 5 survivors (5120K)
 Metaspace       used 48242K, committed 48832K, reserved 491520K
  class space    used 6754K, committed 7040K, reserved 425984K
}
Event: 19.148 GC heap before
{Heap before GC invocations=14 (full 0):
 garbage-first heap   total 103424K, used 81323K [0x0000000080000000, 0x0000000100000000)
  region size 1024K, 46 young (47104K), 5 survivors (5120K)
 Metaspace       used 52198K, committed 52736K, reserved 491520K
  class space    used 7394K, committed 7680K, reserved 425984K
}
Event: 19.155 GC heap after
{Heap after GC invocations=15 (full 0):
 garbage-first heap   total 103424K, used 43810K [0x0000000080000000, 0x0000000100000000)
  region size 1024K, 6 young (6144K), 6 survivors (6144K)
 Metaspace       used 52198K, committed 52736K, reserved 491520K
  class space    used 7394K, committed 7680K, reserved 425984K
}
Event: 19.476 GC heap before
{Heap before GC invocations=15 (full 0):
 garbage-first heap   total 103424K, used 80674K [0x0000000080000000, 0x0000000100000000)
  region size 1024K, 43 young (44032K), 6 survivors (6144K)
 Metaspace       used 53571K, committed 54144K, reserved 491520K
  class space    used 7583K, committed 7872K, reserved 425984K
}
Event: 19.482 GC heap after
{Heap after GC invocations=16 (full 0):
 garbage-first heap   total 103424K, used 47042K [0x0000000080000000, 0x0000000100000000)
  region size 1024K, 5 young (5120K), 5 survivors (5120K)
 Metaspace       used 53571K, committed 54144K, reserved 491520K
  class space    used 7583K, committed 7872K, reserved 425984K
}
Event: 19.728 GC heap before
{Heap before GC invocations=16 (full 0):
 garbage-first heap   total 103424K, used 69570K [0x0000000080000000, 0x0000000100000000)
  region size 1024K, 26 young (26624K), 5 survivors (5120K)
 Metaspace       used 55287K, committed 55936K, reserved 491520K
  class space    used 7883K, committed 8192K, reserved 425984K
}
Event: 19.732 GC heap after
{Heap after GC invocations=17 (full 0):
 garbage-first heap   total 103424K, used 50372K [0x0000000080000000, 0x0000000100000000)
  region size 1024K, 2 young (2048K), 2 survivors (2048K)
 Metaspace       used 55287K, committed 55936K, reserved 491520K
  class space    used 7883K, committed 8192K, reserved 425984K
}
Event: 20.119 GC heap before
{Heap before GC invocations=18 (full 0):
 garbage-first heap   total 103424K, used 91332K [0x0000000080000000, 0x0000000100000000)
  region size 1024K, 33 young (33792K), 2 survivors (2048K)
 Metaspace       used 58013K, committed 58688K, reserved 491520K
  class space    used 8289K, committed 8640K, reserved 425984K
}
Event: 20.123 GC heap after
{Heap after GC invocations=19 (full 0):
 garbage-first heap   total 103424K, used 62969K [0x0000000080000000, 0x0000000100000000)
  region size 1024K, 4 young (4096K), 4 survivors (4096K)
 Metaspace       used 58013K, committed 58688K, reserved 491520K
  class space    used 8289K, committed 8640K, reserved 425984K
}
Event: 20.133 GC heap before
{Heap before GC invocations=19 (full 0):
 garbage-first heap   total 103424K, used 62969K [0x0000000080000000, 0x0000000100000000)
  region size 1024K, 5 young (5120K), 4 survivors (4096K)
 Metaspace       used 58079K, committed 58752K, reserved 491520K
  class space    used 8298K, committed 8640K, reserved 425984K
}
Event: 20.137 GC heap after
{Heap after GC invocations=20 (full 0):
 garbage-first heap   total 103424K, used 62642K [0x0000000080000000, 0x0000000100000000)
  region size 1024K, 1 young (1024K), 1 survivors (1024K)
 Metaspace       used 58079K, committed 58752K, reserved 491520K
  class space    used 8298K, committed 8640K, reserved 425984K
}
Event: 20.324 GC heap before
{Heap before GC invocations=20 (full 0):
 garbage-first heap   total 103424K, used 84146K [0x0000000080000000, 0x0000000100000000)
  region size 1024K, 22 young (22528K), 1 survivors (1024K)
 Metaspace       used 59807K, committed 60544K, reserved 491520K
  class space    used 8514K, committed 8896K, reserved 425984K
}
Event: 20.326 GC heap after
{Heap after GC invocations=21 (full 0):
 garbage-first heap   total 182272K, used 64097K [0x0000000080000000, 0x0000000100000000)
  region size 1024K, 2 young (2048K), 2 survivors (2048K)
 Metaspace       used 59807K, committed 60544K, reserved 491520K
  class space    used 8514K, committed 8896K, reserved 425984K
}
Event: 21.087 GC heap before
{Heap before GC invocations=22 (full 0):
 garbage-first heap   total 182272K, used 143969K [0x0000000080000000, 0x0000000100000000)
  region size 1024K, 80 young (81920K), 2 survivors (2048K)
 Metaspace       used 63843K, committed 64512K, reserved 491520K
  class space    used 9071K, committed 9408K, reserved 425984K
}
Event: 21.093 GC heap after
{Heap after GC invocations=23 (full 0):
 garbage-first heap   total 182272K, used 69754K [0x0000000080000000, 0x0000000100000000)
  region size 1024K, 8 young (8192K), 8 survivors (8192K)
 Metaspace       used 63843K, committed 64512K, reserved 491520K
  class space    used 9071K, committed 9408K, reserved 425984K
}
Event: 21.101 GC heap before
{Heap before GC invocations=23 (full 0):
 garbage-first heap   total 182272K, used 70778K [0x0000000080000000, 0x0000000100000000)
  region size 1024K, 9 young (9216K), 8 survivors (8192K)
 Metaspace       used 63931K, committed 64704K, reserved 491520K
  class space    used 9081K, committed 9472K, reserved 425984K
}
Event: 21.109 GC heap after
{Heap after GC invocations=24 (full 0):
 garbage-first heap   total 182272K, used 70639K [0x0000000080000000, 0x0000000100000000)
  region size 1024K, 1 young (1024K), 1 survivors (1024K)
 Metaspace       used 63931K, committed 64704K, reserved 491520K
  class space    used 9081K, committed 9472K, reserved 425984K
}
Event: 22.653 GC heap before
{Heap before GC invocations=24 (full 0):
 garbage-first heap   total 182272K, used 145391K [0x0000000080000000, 0x0000000100000000)
  region size 1024K, 75 young (76800K), 1 survivors (1024K)
 Metaspace       used 69103K, committed 69824K, reserved 491520K
  class space    used 9947K, committed 10304K, reserved 425984K
}
Event: 22.662 GC heap after
{Heap after GC invocations=25 (full 0):
 garbage-first heap   total 182272K, used 76454K [0x0000000080000000, 0x0000000100000000)
  region size 1024K, 7 young (7168K), 7 survivors (7168K)
 Metaspace       used 69103K, committed 69824K, reserved 491520K
  class space    used 9947K, committed 10304K, reserved 425984K
}

